mi., 15 de feb. de 2023 12:35:23: 
 tests:  0|6
total_score: 0/70
7964391
Thu 30 Mar 2023 11:23:08 PM UTC: 
 arraylist.c | 22 +++++++++++++++++++++-
 1 file changed, 21 insertions(+), 1 deletion(-)
In file included from test.c:5:
arraylist.c: In function ‘push’:
arraylist.c:24:30: error: expected ‘;’ before ‘l’
   24 |     l->capacity=l->capacity*2
      |                              ^
      |                              ;
   25 |     l->data =(void*) realloc(sizeof(void*)*l->capacity)
      |     ~                         
arraylist.c: In function ‘get’:
arraylist.c:44:8: error: suggest parentheses around assignment used as truth value [-Werror=parentheses]
   44 |     if(l->capacity=0){
      |        ^
arraylist.c: In function ‘push’:
arraylist.c:50:12: error: ‘return’ with a value, in function returning void [-Werror=return-type]
   50 |     return NULL;
      |            ^~~~
arraylist.c:21:6: note: declared here
   21 | void push(ArrayList * l, void * data, int i){
      |      ^~~~
At top level:
arraylist.c:39:7: error: ‘get’ defined but not used [-Werror=unused-function]
   39 | void* get(ArrayList * l, int i){
      |       ^~~
arraylist.c:35:7: error: ‘pop’ defined but not used [-Werror=unused-function]
   35 | void* pop(ArrayList * l, int i){
      |       ^~~
cc1: all warnings being treated as errors
Compilation failed
a5f4ff4
Thu 30 Mar 2023 11:23:19 PM UTC: 
 arraylist.c | 2 +-
 1 file changed, 1 insertion(+), 1 deletion(-)
In file included from test.c:5:
arraylist.c: In function ‘push’:
arraylist.c:24:30: error: expected ‘;’ before ‘l’
   24 |     l->capacity=l->capacity*2
      |                              ^
      |                              ;
   25 |     l->data =(void*) realloc(sizeof(void*)*l->capacity);
      |     ~                         
arraylist.c: In function ‘get’:
arraylist.c:44:8: error: suggest parentheses around assignment used as truth value [-Werror=parentheses]
   44 |     if(l->capacity=0){
      |        ^
arraylist.c: In function ‘push’:
arraylist.c:50:12: error: ‘return’ with a value, in function returning void [-Werror=return-type]
   50 |     return NULL;
      |            ^~~~
arraylist.c:21:6: note: declared here
   21 | void push(ArrayList * l, void * data, int i){
      |      ^~~~
At top level:
arraylist.c:39:7: error: ‘get’ defined but not used [-Werror=unused-function]
   39 | void* get(ArrayList * l, int i){
      |       ^~~
arraylist.c:35:7: error: ‘pop’ defined but not used [-Werror=unused-function]
   35 | void* pop(ArrayList * l, int i){
      |       ^~~
cc1: all warnings being treated as errors
Compilation failed
b6838d7
Thu 30 Mar 2023 11:23:39 PM UTC: 
 arraylist.c | 2 +-
 1 file changed, 1 insertion(+), 1 deletion(-)
In file included from test.c:5:
arraylist.c: In function ‘push’:
arraylist.c:25:43: error: passing argument 1 of ‘realloc’ makes pointer from integer without a cast [-Werror=int-conversion]
   25 |     l->data =(void*) realloc(sizeof(void*)*l->capacity);
      |                              ~~~~~~~~~~~~~^~~~~~~~~~~~
      |                                           |
      |                                           long unsigned int
In file included from test.c:2:
/nix/store/4pqv2mwdn88h7xvsm7a5zplrd8sxzvw0-glibc-2.35-163-dev/include/stdlib.h:551:29: note: expected ‘void *’ but argument is of type ‘long unsigned int’
  551 | extern void *realloc (void *__ptr, size_t __size)
      |                       ~~~~~~^~~~~
In file included from test.c:5:
arraylist.c:25:22: error: too few arguments to function ‘realloc’
   25 |     l->data =(void*) realloc(sizeof(void*)*l->capacity);
      |                      ^~~~~~~
In file included from test.c:2:
/nix/store/4pqv2mwdn88h7xvsm7a5zplrd8sxzvw0-glibc-2.35-163-dev/include/stdlib.h:551:14: note: declared here
  551 | extern void *realloc (void *__ptr, size_t __size)
      |              ^~~~~~~
In file included from test.c:5:
arraylist.c: In function ‘get’:
arraylist.c:44:8: error: suggest parentheses around assignment used as truth value [-Werror=parentheses]
   44 |     if(l->capacity=0){
      |        ^
arraylist.c: In function ‘push’:
arraylist.c:50:12: error: ‘return’ with a value, in function returning void [-Werror=return-type]
   50 |     return NULL;
      |            ^~~~
arraylist.c:21:6: note: declared here
   21 | void push(ArrayList * l, void * data, int i){
      |      ^~~~
At top level:
arraylist.c:39:7: error: ‘get’ defined but not used [-Werror=unused-function]
   39 | void* get(ArrayList * l, int i){
      |       ^~~
arraylist.c:35:7: error: ‘pop’ defined but not used [-Werror=unused-function]
   35 | void* pop(ArrayList * l, int i){
      |       ^~~
cc1: all warnings being treated as errors
Compilation failed
de2afce
Thu 30 Mar 2023 11:24:21 PM UTC: 
 arraylist.c | 2 +-
 1 file changed, 1 insertion(+), 1 deletion(-)
In file included from test.c:5:
arraylist.c: In function ‘get’:
arraylist.c:44:8: error: suggest parentheses around assignment used as truth value [-Werror=parentheses]
   44 |     if(l->capacity=0){
      |        ^
arraylist.c: In function ‘push’:
arraylist.c:50:12: error: ‘return’ with a value, in function returning void [-Werror=return-type]
   50 |     return NULL;
      |            ^~~~
arraylist.c:21:6: note: declared here
   21 | void push(ArrayList * l, void * data, int i){
      |      ^~~~
At top level:
arraylist.c:39:7: error: ‘get’ defined but not used [-Werror=unused-function]
   39 | void* get(ArrayList * l, int i){
      |       ^~~
arraylist.c:35:7: error: ‘pop’ defined but not used [-Werror=unused-function]
   35 | void* pop(ArrayList * l, int i){
      |       ^~~
cc1: all warnings being treated as errors
Compilation failed
de980ed
Thu 30 Mar 2023 11:24:39 PM UTC: 
 arraylist.c | 2 +-
 1 file changed, 1 insertion(+), 1 deletion(-)
In file included from test.c:5:
arraylist.c: In function ‘push’:
arraylist.c:50:12: error: ‘return’ with a value, in function returning void [-Werror=return-type]
   50 |     return NULL;
      |            ^~~~
arraylist.c:21:6: note: declared here
   21 | void push(ArrayList * l, void * data, int i){
      |      ^~~~
At top level:
arraylist.c:39:7: error: ‘get’ defined but not used [-Werror=unused-function]
   39 | void* get(ArrayList * l, int i){
      |       ^~~
arraylist.c:35:7: error: ‘pop’ defined but not used [-Werror=unused-function]
   35 | void* pop(ArrayList * l, int i){
      |       ^~~
cc1: all warnings being treated as errors
Compilation failed
5541c5d
Thu 30 Mar 2023 11:24:58 PM UTC: 
 arraylist.c | 1 -
 1 file changed, 1 deletion(-)
In file included from test.c:5:
arraylist.c:39:7: error: ‘get’ defined but not used [-Werror=unused-function]
   39 | void* get(ArrayList * l, int i){
      |       ^~~
arraylist.c:35:7: error: ‘pop’ defined but not used [-Werror=unused-function]
   35 | void* pop(ArrayList * l, int i){
      |       ^~~
cc1: all warnings being treated as errors
Compilation failed
b881336
Thu 30 Mar 2023 11:46:56 PM UTC: 
 arraylist.c | 4 ++++
 1 file changed, 4 insertions(+)
In file included from test.c:5:
arraylist.c:44:7: error: ‘get’ defined but not used [-Werror=unused-function]
   44 | void* get(ArrayList * l, int i){
      |       ^~~
arraylist.c:39:7: error: ‘pop’ defined but not used [-Werror=unused-function]
   39 | void* pop(ArrayList * l, int i){
      |       ^~~
test.c: In function ‘createList’:
arraylist.c:15:45: error: ‘*lista.capacity’ is used uninitialized [-Werror=uninitialized]
   15 |   lista->data = malloc(sizeof(void*) * lista->capacity);
      |                                        ~~~~~^~~~~~~~~~
cc1: all warnings being treated as errors
Compilation failed
e014797
Thu 30 Mar 2023 11:47:20 PM UTC: 
 arraylist.c | 1 -
 1 file changed, 1 deletion(-)
test.c: In function ‘push’:
test.c:411:5: error: ‘main’ is normally a non-static function [-Werror=main]
  411 | int main( int argc, char *argv[] ) {
      |     ^~~~
test.c:434:1: error: expected declaration or statement at end of input
  434 | }
      | ^
test.c:8:6: error: unused variable ‘msg’ [-Werror=unused-variable]
    8 | char msg[300];
      |      ^~~
At top level:
test.c:411:5: error: ‘main’ defined but not used [-Werror=unused-function]
  411 | int main( int argc, char *argv[] ) {
      |     ^~~~
In file included from test.c:5:
arraylist.c:56:5: error: ‘get_size’ defined but not used [-Werror=unused-function]
   56 | int get_size(ArrayList * l){
      |     ^~~~~~~~
cc1: all warnings being treated as errors
Compilation failed
a4d58bb
Thu 30 Mar 2023 11:48:37 PM UTC: 
 arraylist.c | 3 ++-
 1 file changed, 2 insertions(+), 1 deletion(-)
test.c: In function ‘push’:
test.c:411:5: error: ‘main’ is normally a non-static function [-Werror=main]
  411 | int main( int argc, char *argv[] ) {
      |     ^~~~
test.c:434:1: error: expected declaration or statement at end of input
  434 | }
      | ^
test.c:8:6: error: unused variable ‘msg’ [-Werror=unused-variable]
    8 | char msg[300];
      |      ^~~
At top level:
test.c:411:5: error: ‘main’ defined but not used [-Werror=unused-function]
  411 | int main( int argc, char *argv[] ) {
      |     ^~~~
In file included from test.c:5:
arraylist.c:57:5: error: ‘get_size’ defined but not used [-Werror=unused-function]
   57 | int get_size(ArrayList * l){
      |     ^~~~~~~~
cc1: all warnings being treated as errors
Compilation failed
088ff11
