mi., 15 de feb. de 2023 12:35:23: 
 tests:  0|6
total_score: 0/70
7964391
Thu 30 Mar 2023 11:23:08 PM UTC: 
 arraylist.c | 22 +++++++++++++++++++++-
 1 file changed, 21 insertions(+), 1 deletion(-)
In file included from test.c:5:
arraylist.c: In function ‘push’:
arraylist.c:24:30: error: expected ‘;’ before ‘l’
   24 |     l->capacity=l->capacity*2
      |                              ^
      |                              ;
   25 |     l->data =(void*) realloc(sizeof(void*)*l->capacity)
      |     ~                         
arraylist.c: In function ‘get’:
arraylist.c:44:8: error: suggest parentheses around assignment used as truth value [-Werror=parentheses]
   44 |     if(l->capacity=0){
      |        ^
arraylist.c: In function ‘push’:
arraylist.c:50:12: error: ‘return’ with a value, in function returning void [-Werror=return-type]
   50 |     return NULL;
      |            ^~~~
arraylist.c:21:6: note: declared here
   21 | void push(ArrayList * l, void * data, int i){
      |      ^~~~
At top level:
arraylist.c:39:7: error: ‘get’ defined but not used [-Werror=unused-function]
   39 | void* get(ArrayList * l, int i){
      |       ^~~
arraylist.c:35:7: error: ‘pop’ defined but not used [-Werror=unused-function]
   35 | void* pop(ArrayList * l, int i){
      |       ^~~
cc1: all warnings being treated as errors
Compilation failed
a5f4ff4
Thu 30 Mar 2023 11:23:19 PM UTC: 
 arraylist.c | 2 +-
 1 file changed, 1 insertion(+), 1 deletion(-)
In file included from test.c:5:
arraylist.c: In function ‘push’:
arraylist.c:24:30: error: expected ‘;’ before ‘l’
   24 |     l->capacity=l->capacity*2
      |                              ^
      |                              ;
   25 |     l->data =(void*) realloc(sizeof(void*)*l->capacity);
      |     ~                         
arraylist.c: In function ‘get’:
arraylist.c:44:8: error: suggest parentheses around assignment used as truth value [-Werror=parentheses]
   44 |     if(l->capacity=0){
      |        ^
arraylist.c: In function ‘push’:
arraylist.c:50:12: error: ‘return’ with a value, in function returning void [-Werror=return-type]
   50 |     return NULL;
      |            ^~~~
arraylist.c:21:6: note: declared here
   21 | void push(ArrayList * l, void * data, int i){
      |      ^~~~
At top level:
arraylist.c:39:7: error: ‘get’ defined but not used [-Werror=unused-function]
   39 | void* get(ArrayList * l, int i){
      |       ^~~
arraylist.c:35:7: error: ‘pop’ defined but not used [-Werror=unused-function]
   35 | void* pop(ArrayList * l, int i){
      |       ^~~
cc1: all warnings being treated as errors
Compilation failed
b6838d7
Thu 30 Mar 2023 11:23:39 PM UTC: 
 arraylist.c | 2 +-
 1 file changed, 1 insertion(+), 1 deletion(-)
In file included from test.c:5:
arraylist.c: In function ‘push’:
arraylist.c:25:43: error: passing argument 1 of ‘realloc’ makes pointer from integer without a cast [-Werror=int-conversion]
   25 |     l->data =(void*) realloc(sizeof(void*)*l->capacity);
      |                              ~~~~~~~~~~~~~^~~~~~~~~~~~
      |                                           |
      |                                           long unsigned int
In file included from test.c:2:
/nix/store/4pqv2mwdn88h7xvsm7a5zplrd8sxzvw0-glibc-2.35-163-dev/include/stdlib.h:551:29: note: expected ‘void *’ but argument is of type ‘long unsigned int’
  551 | extern void *realloc (void *__ptr, size_t __size)
      |                       ~~~~~~^~~~~
In file included from test.c:5:
arraylist.c:25:22: error: too few arguments to function ‘realloc’
   25 |     l->data =(void*) realloc(sizeof(void*)*l->capacity);
      |                      ^~~~~~~
In file included from test.c:2:
/nix/store/4pqv2mwdn88h7xvsm7a5zplrd8sxzvw0-glibc-2.35-163-dev/include/stdlib.h:551:14: note: declared here
  551 | extern void *realloc (void *__ptr, size_t __size)
      |              ^~~~~~~
In file included from test.c:5:
arraylist.c: In function ‘get’:
arraylist.c:44:8: error: suggest parentheses around assignment used as truth value [-Werror=parentheses]
   44 |     if(l->capacity=0){
      |        ^
arraylist.c: In function ‘push’:
arraylist.c:50:12: error: ‘return’ with a value, in function returning void [-Werror=return-type]
   50 |     return NULL;
      |            ^~~~
arraylist.c:21:6: note: declared here
   21 | void push(ArrayList * l, void * data, int i){
      |      ^~~~
At top level:
arraylist.c:39:7: error: ‘get’ defined but not used [-Werror=unused-function]
   39 | void* get(ArrayList * l, int i){
      |       ^~~
arraylist.c:35:7: error: ‘pop’ defined but not used [-Werror=unused-function]
   35 | void* pop(ArrayList * l, int i){
      |       ^~~
cc1: all warnings being treated as errors
Compilation failed
de2afce
Thu 30 Mar 2023 11:24:21 PM UTC: 
 arraylist.c | 2 +-
 1 file changed, 1 insertion(+), 1 deletion(-)
In file included from test.c:5:
arraylist.c: In function ‘get’:
arraylist.c:44:8: error: suggest parentheses around assignment used as truth value [-Werror=parentheses]
   44 |     if(l->capacity=0){
      |        ^
arraylist.c: In function ‘push’:
arraylist.c:50:12: error: ‘return’ with a value, in function returning void [-Werror=return-type]
   50 |     return NULL;
      |            ^~~~
arraylist.c:21:6: note: declared here
   21 | void push(ArrayList * l, void * data, int i){
      |      ^~~~
At top level:
arraylist.c:39:7: error: ‘get’ defined but not used [-Werror=unused-function]
   39 | void* get(ArrayList * l, int i){
      |       ^~~
arraylist.c:35:7: error: ‘pop’ defined but not used [-Werror=unused-function]
   35 | void* pop(ArrayList * l, int i){
      |       ^~~
cc1: all warnings being treated as errors
Compilation failed
de980ed
Thu 30 Mar 2023 11:24:39 PM UTC: 
 arraylist.c | 2 +-
 1 file changed, 1 insertion(+), 1 deletion(-)
In file included from test.c:5:
arraylist.c: In function ‘push’:
arraylist.c:50:12: error: ‘return’ with a value, in function returning void [-Werror=return-type]
   50 |     return NULL;
      |            ^~~~
arraylist.c:21:6: note: declared here
   21 | void push(ArrayList * l, void * data, int i){
      |      ^~~~
At top level:
arraylist.c:39:7: error: ‘get’ defined but not used [-Werror=unused-function]
   39 | void* get(ArrayList * l, int i){
      |       ^~~
arraylist.c:35:7: error: ‘pop’ defined but not used [-Werror=unused-function]
   35 | void* pop(ArrayList * l, int i){
      |       ^~~
cc1: all warnings being treated as errors
Compilation failed
5541c5d
Thu 30 Mar 2023 11:24:58 PM UTC: 
 arraylist.c | 1 -
 1 file changed, 1 deletion(-)
In file included from test.c:5:
arraylist.c:39:7: error: ‘get’ defined but not used [-Werror=unused-function]
   39 | void* get(ArrayList * l, int i){
      |       ^~~
arraylist.c:35:7: error: ‘pop’ defined but not used [-Werror=unused-function]
   35 | void* pop(ArrayList * l, int i){
      |       ^~~
cc1: all warnings being treated as errors
Compilation failed
b881336
Thu 30 Mar 2023 11:46:56 PM UTC: 
 arraylist.c | 4 ++++
 1 file changed, 4 insertions(+)
In file included from test.c:5:
arraylist.c:44:7: error: ‘get’ defined but not used [-Werror=unused-function]
   44 | void* get(ArrayList * l, int i){
      |       ^~~
arraylist.c:39:7: error: ‘pop’ defined but not used [-Werror=unused-function]
   39 | void* pop(ArrayList * l, int i){
      |       ^~~
test.c: In function ‘createList’:
arraylist.c:15:45: error: ‘*lista.capacity’ is used uninitialized [-Werror=uninitialized]
   15 |   lista->data = malloc(sizeof(void*) * lista->capacity);
      |                                        ~~~~~^~~~~~~~~~
cc1: all warnings being treated as errors
Compilation failed
e014797
Thu 30 Mar 2023 11:47:20 PM UTC: 
 arraylist.c | 1 -
 1 file changed, 1 deletion(-)
test.c: In function ‘push’:
test.c:411:5: error: ‘main’ is normally a non-static function [-Werror=main]
  411 | int main( int argc, char *argv[] ) {
      |     ^~~~
test.c:434:1: error: expected declaration or statement at end of input
  434 | }
      | ^
test.c:8:6: error: unused variable ‘msg’ [-Werror=unused-variable]
    8 | char msg[300];
      |      ^~~
At top level:
test.c:411:5: error: ‘main’ defined but not used [-Werror=unused-function]
  411 | int main( int argc, char *argv[] ) {
      |     ^~~~
In file included from test.c:5:
arraylist.c:56:5: error: ‘get_size’ defined but not used [-Werror=unused-function]
   56 | int get_size(ArrayList * l){
      |     ^~~~~~~~
cc1: all warnings being treated as errors
Compilation failed
a4d58bb
Thu 30 Mar 2023 11:48:37 PM UTC: 
 arraylist.c | 3 ++-
 1 file changed, 2 insertions(+), 1 deletion(-)
test.c: In function ‘push’:
test.c:411:5: error: ‘main’ is normally a non-static function [-Werror=main]
  411 | int main( int argc, char *argv[] ) {
      |     ^~~~
test.c:434:1: error: expected declaration or statement at end of input
  434 | }
      | ^
test.c:8:6: error: unused variable ‘msg’ [-Werror=unused-variable]
    8 | char msg[300];
      |      ^~~
At top level:
test.c:411:5: error: ‘main’ defined but not used [-Werror=unused-function]
  411 | int main( int argc, char *argv[] ) {
      |     ^~~~
In file included from test.c:5:
arraylist.c:57:5: error: ‘get_size’ defined but not used [-Werror=unused-function]
   57 | int get_size(ArrayList * l){
      |     ^~~~~~~~
cc1: all warnings being treated as errors
Compilation failed
088ff11
Thu 30 Mar 2023 11:54:48 PM UTC: 
 arraylist.c | 4 +++-
 1 file changed, 3 insertions(+), 1 deletion(-)
In file included from test.c:5:
arraylist.c: In function ‘clean’:
arraylist.c:65:10: error: assignment to ‘void **’ from ‘int’ makes pointer from integer without a cast [-Werror=int-conversion]
   65 |   l->data=2;
      |          ^
test.c: In function ‘push’:
test.c:411:5: error: ‘main’ is normally a non-static function [-Werror=main]
  411 | int main( int argc, char *argv[] ) {
      |     ^~~~
test.c:434:1: error: expected declaration or statement at end of input
  434 | }
      | ^
test.c:8:6: error: unused variable ‘msg’ [-Werror=unused-variable]
    8 | char msg[300];
      |      ^~~
At top level:
test.c:411:5: error: ‘main’ defined but not used [-Werror=unused-function]
  411 | int main( int argc, char *argv[] ) {
      |     ^~~~
In file included from test.c:5:
arraylist.c:57:5: error: ‘get_size’ defined but not used [-Werror=unused-function]
   57 | int get_size(ArrayList * l){
      |     ^~~~~~~~
cc1: all warnings being treated as errors
Compilation failed
57c2183
Thu 30 Mar 2023 11:54:52 PM UTC: 
In file included from test.c:5:
arraylist.c: In function ‘clean’:
arraylist.c:65:10: error: assignment to ‘void **’ from ‘int’ makes pointer from integer without a cast [-Werror=int-conversion]
   65 |   l->data=2;
      |          ^
test.c: In function ‘push’:
test.c:411:5: error: ‘main’ is normally a non-static function [-Werror=main]
  411 | int main( int argc, char *argv[] ) {
      |     ^~~~
test.c:434:1: error: expected declaration or statement at end of input
  434 | }
      | ^
test.c:8:6: error: unused variable ‘msg’ [-Werror=unused-variable]
    8 | char msg[300];
      |      ^~~
At top level:
test.c:411:5: error: ‘main’ defined but not used [-Werror=unused-function]
  411 | int main( int argc, char *argv[] ) {
      |     ^~~~
In file included from test.c:5:
arraylist.c:57:5: error: ‘get_size’ defined but not used [-Werror=unused-function]
   57 | int get_size(ArrayList * l){
      |     ^~~~~~~~
cc1: all warnings being treated as errors
Compilation failed
6f2e0b6
Thu 30 Mar 2023 11:55:12 PM UTC: 
In file included from test.c:5:
arraylist.c: In function ‘clean’:
arraylist.c:65:10: error: assignment to ‘void **’ from ‘int’ makes pointer from integer without a cast [-Werror=int-conversion]
   65 |   l->data=2;
      |          ^
test.c: In function ‘push’:
test.c:411:5: error: ‘main’ is normally a non-static function [-Werror=main]
  411 | int main( int argc, char *argv[] ) {
      |     ^~~~
test.c:434:1: error: expected declaration or statement at end of input
  434 | }
      | ^
test.c:8:6: error: unused variable ‘msg’ [-Werror=unused-variable]
    8 | char msg[300];
      |      ^~~
At top level:
test.c:411:5: error: ‘main’ defined but not used [-Werror=unused-function]
  411 | int main( int argc, char *argv[] ) {
      |     ^~~~
In file included from test.c:5:
arraylist.c:57:5: error: ‘get_size’ defined but not used [-Werror=unused-function]
   57 | int get_size(ArrayList * l){
      |     ^~~~~~~~
cc1: all warnings being treated as errors
Compilation failed
2c4a6f8
Fri 31 Mar 2023 12:09:47 AM UTC: 
 arraylist.c | 11 ++++++++---
 1 file changed, 8 insertions(+), 3 deletions(-)
In file included from test.c:5:
arraylist.c: In function ‘append’:
arraylist.c:22:10: error: statement with no effect [-Werror=unused-value]
   22 |   l->data[l->size];
      |   ~~~~~~~^~~~~~~~~
arraylist.c: In function ‘clean’:
arraylist.c:70:10: error: assignment to ‘void **’ from ‘int’ makes pointer from integer without a cast [-Werror=int-conversion]
   70 |   l->data=2;
      |          ^
arraylist.c:71:56: error: expected expression before ‘)’ token
   71 |   l->data =(void*) realloc(l->data, sizeof(l->capacity*)*l->capacity);
      |                                                        ^
test.c: In function ‘push’:
test.c:411:5: error: ‘main’ is normally a non-static function [-Werror=main]
  411 | int main( int argc, char *argv[] ) {
      |     ^~~~
test.c:434:1: error: expected declaration or statement at end of input
  434 | }
      | ^
test.c:8:6: error: unused variable ‘msg’ [-Werror=unused-variable]
    8 | char msg[300];
      |      ^~~
At top level:
test.c:411:5: error: ‘main’ defined but not used [-Werror=unused-function]
  411 | int main( int argc, char *argv[] ) {
      |     ^~~~
In file included from test.c:5:
arraylist.c:62:5: error: ‘get_size’ defined but not used [-Werror=unused-function]
   62 | int get_size(ArrayList * l){
      |     ^~~~~~~~
cc1: all warnings being treated as errors
Compilation failed
4428487
Fri 31 Mar 2023 12:10:30 AM UTC: 
In file included from test.c:5:
arraylist.c: In function ‘append’:
arraylist.c:22:10: error: statement with no effect [-Werror=unused-value]
   22 |   l->data[l->size];
      |   ~~~~~~~^~~~~~~~~
arraylist.c: In function ‘clean’:
arraylist.c:70:10: error: assignment to ‘void **’ from ‘int’ makes pointer from integer without a cast [-Werror=int-conversion]
   70 |   l->data=2;
      |          ^
arraylist.c:71:56: error: expected expression before ‘)’ token
   71 |   l->data =(void*) realloc(l->data, sizeof(l->capacity*)*l->capacity);
      |                                                        ^
test.c: In function ‘push’:
test.c:411:5: error: ‘main’ is normally a non-static function [-Werror=main]
  411 | int main( int argc, char *argv[] ) {
      |     ^~~~
test.c:434:1: error: expected declaration or statement at end of input
  434 | }
      | ^
test.c:8:6: error: unused variable ‘msg’ [-Werror=unused-variable]
    8 | char msg[300];
      |      ^~~
At top level:
test.c:411:5: error: ‘main’ defined but not used [-Werror=unused-function]
  411 | int main( int argc, char *argv[] ) {
      |     ^~~~
In file included from test.c:5:
arraylist.c:62:5: error: ‘get_size’ defined but not used [-Werror=unused-function]
   62 | int get_size(ArrayList * l){
      |     ^~~~~~~~
cc1: all warnings being treated as errors
Compilation failed
961e62e
Fri 31 Mar 2023 12:10:58 AM UTC: 
 arraylist.c | 1 -
 1 file changed, 1 deletion(-)
In file included from test.c:5:
arraylist.c: In function ‘clean’:
arraylist.c:69:10: error: assignment to ‘void **’ from ‘int’ makes pointer from integer without a cast [-Werror=int-conversion]
   69 |   l->data=2;
      |          ^
arraylist.c:70:56: error: expected expression before ‘)’ token
   70 |   l->data =(void*) realloc(l->data, sizeof(l->capacity*)*l->capacity);
      |                                                        ^
test.c: In function ‘push’:
test.c:411:5: error: ‘main’ is normally a non-static function [-Werror=main]
  411 | int main( int argc, char *argv[] ) {
      |     ^~~~
test.c:434:1: error: expected declaration or statement at end of input
  434 | }
      | ^
test.c:8:6: error: unused variable ‘msg’ [-Werror=unused-variable]
    8 | char msg[300];
      |      ^~~
At top level:
test.c:411:5: error: ‘main’ defined but not used [-Werror=unused-function]
  411 | int main( int argc, char *argv[] ) {
      |     ^~~~
In file included from test.c:5:
arraylist.c:61:5: error: ‘get_size’ defined but not used [-Werror=unused-function]
   61 | int get_size(ArrayList * l){
      |     ^~~~~~~~
cc1: all warnings being treated as errors
Compilation failed
cb26b10
Fri 31 Mar 2023 12:11:45 AM UTC: 
 arraylist.c | 4 ++--
 1 file changed, 2 insertions(+), 2 deletions(-)
In file included from test.c:5:
arraylist.c: In function ‘clean’:
arraylist.c:70:56: error: expected expression before ‘)’ token
   70 |   l->data =(void*) realloc(l->data, sizeof(l->capacity*)*l->capacity);
      |                                                        ^
test.c: In function ‘push’:
test.c:411:5: error: ‘main’ is normally a non-static function [-Werror=main]
  411 | int main( int argc, char *argv[] ) {
      |     ^~~~
test.c:434:1: error: expected declaration or statement at end of input
  434 | }
      | ^
test.c:8:6: error: unused variable ‘msg’ [-Werror=unused-variable]
    8 | char msg[300];
      |      ^~~
At top level:
test.c:411:5: error: ‘main’ defined but not used [-Werror=unused-function]
  411 | int main( int argc, char *argv[] ) {
      |     ^~~~
In file included from test.c:5:
arraylist.c:61:5: error: ‘get_size’ defined but not used [-Werror=unused-function]
   61 | int get_size(ArrayList * l){
      |     ^~~~~~~~
cc1: all warnings being treated as errors
Compilation failed
04ccfd7
Fri 31 Mar 2023 12:12:30 AM UTC: 
 arraylist.c | 2 +-
 1 file changed, 1 insertion(+), 1 deletion(-)
test.c: In function ‘push’:
test.c:411:5: error: ‘main’ is normally a non-static function [-Werror=main]
  411 | int main( int argc, char *argv[] ) {
      |     ^~~~
test.c:434:1: error: expected declaration or statement at end of input
  434 | }
      | ^
test.c:8:6: error: unused variable ‘msg’ [-Werror=unused-variable]
    8 | char msg[300];
      |      ^~~
At top level:
test.c:411:5: error: ‘main’ defined but not used [-Werror=unused-function]
  411 | int main( int argc, char *argv[] ) {
      |     ^~~~
In file included from test.c:5:
arraylist.c:61:5: error: ‘get_size’ defined but not used [-Werror=unused-function]
   61 | int get_size(ArrayList * l){
      |     ^~~~~~~~
cc1: all warnings being treated as errors
Compilation failed
7fc218c
Fri 31 Mar 2023 12:13:07 AM UTC: 
 arraylist.c | 1 +
 1 file changed, 1 insertion(+)
In file included from test.c:5:
arraylist.c: In function ‘pop’:
arraylist.c:47:1: error: control reaches end of non-void function [-Werror=return-type]
   47 | }
      | ^
test.c: In function ‘createList’:
arraylist.c:15:45: error: ‘*lista.capacity’ is used uninitialized [-Werror=uninitialized]
   15 |   lista->data = malloc(sizeof(void*) * lista->capacity);
      |                                        ~~~~~^~~~~~~~~~
cc1: all warnings being treated as errors
Compilation failed
c98206e
Fri 31 Mar 2023 12:13:41 AM UTC: 
 arraylist.c | 0
 1 file changed, 0 insertions(+), 0 deletions(-)
In file included from test.c:5:
arraylist.c: In function ‘pop’:
arraylist.c:47:1: error: control reaches end of non-void function [-Werror=return-type]
   47 | }
      | ^
test.c: In function ‘createList’:
arraylist.c:15:45: error: ‘*lista.capacity’ is used uninitialized [-Werror=uninitialized]
   15 |   lista->data = malloc(sizeof(void*) * lista->capacity);
      |                                        ~~~~~^~~~~~~~~~
cc1: all warnings being treated as errors
Compilation failed
86ed8b5
Fri 31 Mar 2023 12:14:15 AM UTC: 
 arraylist.c | 3 +--
 1 file changed, 1 insertion(+), 2 deletions(-)
In file included from test.c:5:
arraylist.c: In function ‘createList’:
arraylist.c:15:40: error: ‘l’ undeclared (first use in this function)
   15 |   lista->data = malloc(sizeof(void*) * l->lista->capacity);
      |                                        ^
arraylist.c:15:40: note: each undeclared identifier is reported only once for each function it appears in
arraylist.c: At top level:
arraylist.c:46:1: error: expected identifier or ‘(’ before ‘}’ token
   46 | }
      | ^
Compilation failed
dc5f050
Fri 31 Mar 2023 12:15:47 AM UTC: 
 arraylist.c | 6 +++---
 1 file changed, 3 insertions(+), 3 deletions(-)
In file included from test.c:5:
arraylist.c:46:1: error: expected identifier or ‘(’ before ‘}’ token
   46 | }
      | ^
Compilation failed
f71313e
Fri 31 Mar 2023 12:40:23 AM UTC: 
 arraylist.c | 17 +++++++++++++++++
 1 file changed, 17 insertions(+)
In file included from test.c:5:
arraylist.c: In function ‘pop’:
arraylist.c:51:22: error: ‘data’ undeclared (first use in this function)
   51 |         l->data[k]=l-data[k+1];
      |                      ^~~~
arraylist.c:51:22: note: each undeclared identifier is reported only once for each function it appears in
arraylist.c:57:25: error: ‘j’ undeclared (first use in this function)
   57 |   for(k=i; k<l->size-1; j++)
      |                         ^
Compilation failed
03ff323
Fri 31 Mar 2023 12:40:37 AM UTC: 
 arraylist.c | 2 +-
 1 file changed, 1 insertion(+), 1 deletion(-)
In file included from test.c:5:
arraylist.c: In function ‘pop’:
arraylist.c:57:25: error: ‘j’ undeclared (first use in this function)
   57 |   for(k=i; k<l->size-1; j++)
      |                         ^
arraylist.c:57:25: note: each undeclared identifier is reported only once for each function it appears in
Compilation failed
b75bb30
Fri 31 Mar 2023 12:40:52 AM UTC: 
 arraylist.c | 2 +-
 1 file changed, 1 insertion(+), 1 deletion(-)
 tests:  9|2
total_score: 40/70
c78182b
Fri 31 Mar 2023 12:41:22 AM UTC: 
 arraylist.c | 4 ++--
 1 file changed, 2 insertions(+), 2 deletions(-)
 tests:  8|3
total_score: 30/70
205e130
